2019-05-17 10:38:07 INFO  com.dt.Main:12 - Start work.
2019-05-17 10:38:07 INFO  com.dt.view.View:16 - View object was created.
2019-05-17 10:38:07 INFO  com.dt.controller.Controller:44 - Controller object was created.
2019-05-17 10:38:52 INFO  com.dt.Main:12 - Start work.
2019-05-17 10:38:52 INFO  com.dt.view.View:16 - View object was created.
2019-05-17 10:38:52 INFO  com.dt.controller.Controller:44 - Controller object was created.
2019-05-17 10:39:07 INFO  com.dt.Main:12 - Start work.
2019-05-17 10:39:08 INFO  com.dt.view.View:16 - View object was created.
2019-05-17 10:39:08 INFO  com.dt.controller.Controller:44 - Controller object was created.
2019-05-17 10:39:26 INFO  com.dt.Main:12 - Start work.
2019-05-17 10:39:26 INFO  com.dt.view.View:16 - View object was created.
2019-05-17 10:39:26 INFO  com.dt.controller.Controller:44 - Controller object was created.
2019-05-17 10:39:52 INFO  com.dt.Main:12 - Start work.
2019-05-17 10:39:52 INFO  com.dt.view.View:16 - View object was created.
2019-05-17 10:39:52 INFO  com.dt.controller.Controller:44 - Controller object was created.
2019-05-17 10:43:42 INFO  com.dt.Main:12 - Start work.
2019-05-17 10:43:42 INFO  com.dt.view.View:16 - View object was created.
2019-05-17 10:43:42 INFO  com.dt.controller.Controller:44 - Controller object was created.
2019-05-17 10:43:49 INFO  com.dt.controller.TaskManager:61 - Add animals to model (from text file).
2019-05-17 10:43:53 ERROR com.dt.input.errors.UncorrectedKey:11 - Your key (43) not in range [1-8]
2019-05-17 11:31:17 INFO  com.dt.Main:12 - Start work.
2019-05-17 11:31:17 INFO  com.dt.view.View:16 - View object was created.
2019-05-17 11:31:17 INFO  com.dt.controller.Controller:44 - Controller object was created.
2019-05-17 11:31:28 INFO  com.dt.Main:12 - Start work.
2019-05-17 11:31:28 INFO  com.dt.view.View:16 - View object was created.
2019-05-17 11:31:28 INFO  com.dt.controller.Controller:44 - Controller object was created.
2019-05-17 11:36:31 INFO  com.dt.Main:12 - Start work.
2019-05-17 11:36:31 INFO  com.dt.view.View:16 - View object was created.
2019-05-17 11:36:31 INFO  com.dt.controller.Controller:44 - Controller object was created.
2019-05-17 11:44:04 INFO  com.dt.Main:12 - Start work.
2019-05-17 11:44:04 INFO  com.dt.view.View:16 - View object was created.
2019-05-17 11:44:04 INFO  com.dt.controller.Controller:44 - Controller object was created.
2019-05-17 11:44:26 ERROR com.11:44:26 ERROR com.dt.input.errors.UncorrectedKey:10 - Your key (345678) not in range [1-4]
dt.input.errors.UncorrectedKey:10 - Your key (345678) not in range [1-4]
